#-----------------------------------------------------------
# Vivado v2018.3 (64-bit)
# SW Build 2405991 on Thu Dec  6 23:38:27 MST 2018
# IP Build 2404404 on Fri Dec  7 01:43:56 MST 2018
# Start of session at: Fri Feb 22 06:21:53 2019
# Process ID: 14372
# Current directory: C:/Users/FoersterGame/Documents/GitHub/ENES247/lab3-ReusableBCDhex7segDisplayCode/7_32bitsHexBDCdata_Path
# Command line: vivado.exe -gui_launcher_event rodinguilauncherevent13220 C:\Users\FoersterGame\Documents\GitHub\ENES247\lab3-ReusableBCDhex7segDisplayCode\7_32bitsHexBDCdata_Path\HexOrBCD7segDisplay.xpr
# Log file: C:/Users/FoersterGame/Documents/GitHub/ENES247/lab3-ReusableBCDhex7segDisplayCode/7_32bitsHexBDCdata_Path/vivado.log
# Journal file: C:/Users/FoersterGame/Documents/GitHub/ENES247/lab3-ReusableBCDhex7segDisplayCode/7_32bitsHexBDCdata_Path\vivado.jou
#-----------------------------------------------------------
start_gui
open_project C:/Users/FoersterGame/Documents/GitHub/ENES247/lab3-ReusableBCDhex7segDisplayCode/7_32bitsHexBDCdata_Path/HexOrBCD7segDisplay.xpr
INFO: [ProjectBase 1-489] The host OS only allows 260 characters in a normal path. The project is stored in a path with more than 80 characters. If you experience issues with IP, Block Designs, or files not being found, please consider moving the project to a location with a shorter path. Alternately consider using the OS subst command to map part of the path to a drive letter.
Current project path is 'C:/Users/FoersterGame/Documents/GitHub/ENES247/lab3-ReusableBCDhex7segDisplayCode/7_32bitsHexBDCdata_Path'
INFO: [Project 1-313] Project file moved from 'C:/Users/Scott Foerster/Documents/GitHub/ENES246/-7ControlPath/4_HexOrBCD7segDisplay/HexOrBCD7segDisplay' since last save.
Scanning sources...
Finished scanning sources
WARNING: [filemgmt 56-2] IPUserFilesDir: Could not find the directory 'C:/Users/FoersterGame/Documents/GitHub/ENES247/lab3-ReusableBCDhex7segDisplayCode/7_32bitsHexBDCdata_Path/HexOrBCD7segDisplay.ip_user_files', nor could it be found using path 'C:/Users/Scott Foerster/Documents/GitHub/ENES246/-7ControlPath/4_HexOrBCD7segDisplay/HexOrBCD7segDisplay/HexOrBCD7segDisplay.ip_user_files'.
INFO: [IP_Flow 19-234] Refreshing IP repositories
INFO: [IP_Flow 19-1704] No user IP repositories specified
INFO: [IP_Flow 19-2313] Loaded Vivado IP repository 'C:/Xilinx/Vivado/2018.3/data/ip'.
update_compile_order -fileset sources_1
synth_design -rtl -name rtl_1
Command: synth_design -rtl -name rtl_1
Starting synth_design
Using part: xc7a100tcsg324-1
Top: thirtyTwobitHexTo16LEDs
---------------------------------------------------------------------------------
Starting RTL Elaboration : Time (s): cpu = 00:00:02 ; elapsed = 00:00:02 . Memory (MB): peak = 833.629 ; gain = 47.168
---------------------------------------------------------------------------------
INFO: [Synth 8-6157] synthesizing module 'thirtyTwobitHexTo16LEDs' [C:/Users/FoersterGame/Documents/GitHub/ENES247/lab3-ReusableBCDhex7segDisplayCode/7_32bitsHexBDCdata_Path/HexOrBCD7segDisplay.srcs/sources_1/imports/4_32bitsHexTo7segAnd16LEDs/32bitHexTo16LEDs.sv:2]
ERROR: [Synth 8-403] loop limit (65536) exceeded [C:/Users/FoersterGame/Documents/GitHub/ENES247/lab3-ReusableBCDhex7segDisplayCode/7_32bitsHexBDCdata_Path/HexOrBCD7segDisplay.srcs/sources_1/imports/4_32bitsHexTo7segAnd16LEDs/32bitHexTo16LEDs.sv:73]
ERROR: [Synth 8-6156] failed synthesizing module 'thirtyTwobitHexTo16LEDs' [C:/Users/FoersterGame/Documents/GitHub/ENES247/lab3-ReusableBCDhex7segDisplayCode/7_32bitsHexBDCdata_Path/HexOrBCD7segDisplay.srcs/sources_1/imports/4_32bitsHexTo7segAnd16LEDs/32bitHexTo16LEDs.sv:2]
INFO: [Common 17-41] Interrupt caught. Command should exit soon.
