#-----------------------------------------------------------
# Vivado v2018.3 (64-bit)
# SW Build 2405991 on Thu Dec  6 23:38:27 MST 2018
# IP Build 2404404 on Fri Dec  7 01:43:56 MST 2018
# Start of session at: Sun Feb  3 17:39:12 2019
# Process ID: 6484
# Current directory: C:/Users/FoersterGame/Documents/GitHub/ENES247/lab2-7segDisplayofAdders/Lab2_2hexTo7segDisplay
# Command line: vivado.exe -gui_launcher_event rodinguilauncherevent3504 C:\Users\FoersterGame\Documents\GitHub\ENES247\lab2-7segDisplayofAdders\Lab2_2hexTo7segDisplay\d4x7SegDisplay.xpr
# Log file: C:/Users/FoersterGame/Documents/GitHub/ENES247/lab2-7segDisplayofAdders/Lab2_2hexTo7segDisplay/vivado.log
# Journal file: C:/Users/FoersterGame/Documents/GitHub/ENES247/lab2-7segDisplayofAdders/Lab2_2hexTo7segDisplay\vivado.jou
#-----------------------------------------------------------
start_gui
open_project C:/Users/FoersterGame/Documents/GitHub/ENES247/lab2-7segDisplayofAdders/Lab2_2hexTo7segDisplay/d4x7SegDisplay.xpr
INFO: [ProjectBase 1-489] The host OS only allows 260 characters in a normal path. The project is stored in a path with more than 80 characters. If you experience issues with IP, Block Designs, or files not being found, please consider moving the project to a location with a shorter path. Alternately consider using the OS subst command to map part of the path to a drive letter.
Current project path is 'C:/Users/FoersterGame/Documents/GitHub/ENES247/lab2-7segDisplayofAdders/Lab2_2hexTo7segDisplay'
INFO: [Project 1-313] Project file moved from 'C:/Users/FoersterGame/Desktop/vivado/d4x7SegDisplay' since last save.
Scanning sources...
Finished scanning sources
WARNING: [filemgmt 56-2] IPUserFilesDir: Could not find the directory 'C:/Users/FoersterGame/Documents/GitHub/ENES247/lab2-7segDisplayofAdders/Lab2_2hexTo7segDisplay/d4x7SegDisplay.ip_user_files', nor could it be found using path 'C:/Users/FoersterGame/Desktop/vivado/d4x7SegDisplay/d4x7SegDisplay.ip_user_files'.
INFO: [Project 1-230] Project 'd4x7SegDisplay.xpr' upgraded for this version of Vivado.
INFO: [IP_Flow 19-234] Refreshing IP repositories
INFO: [IP_Flow 19-1704] No user IP repositories specified
INFO: [IP_Flow 19-2313] Loaded Vivado IP repository 'C:/Xilinx/Vivado/2018.3/data/ip'.
update_compile_order -fileset sources_1
exit
INFO: [Common 17-206] Exiting Vivado at Sun Feb  3 21:34:55 2019...
