#-----------------------------------------------------------
# Vivado v2018.3 (64-bit)
# SW Build 2405991 on Thu Dec  6 23:38:27 MST 2018
# IP Build 2404404 on Fri Dec  7 01:43:56 MST 2018
# Start of session at: Fri Feb  1 13:47:25 2019
# Process ID: 11560
# Current directory: C:/Users/SET253-INS1U/Documents/GitHub/ENES247/lab1-mux/lab1_2_mux2-1-tristate
# Command line: vivado.exe -gui_launcher_event rodinguilauncherevent5404 C:\Users\SET253-INS1U\Documents\GitHub\ENES247\lab1-mux\lab1_2_mux2-1-tristate\lab1_2_mux2-1-tristate.xpr
# Log file: C:/Users/SET253-INS1U/Documents/GitHub/ENES247/lab1-mux/lab1_2_mux2-1-tristate/vivado.log
# Journal file: C:/Users/SET253-INS1U/Documents/GitHub/ENES247/lab1-mux/lab1_2_mux2-1-tristate\vivado.jou
#-----------------------------------------------------------
start_gui
open_project C:/Users/SET253-INS1U/Documents/GitHub/ENES247/lab1-mux/lab1_2_mux2-1-tristate/lab1_2_mux2-1-tristate.xpr
INFO: [Project 1-313] Project file moved from 'C:/Users/FoersterGame/Documents/GitHub/ENES247/lab1-mux/lab1_2_mux2-1-tristate' since last save.
Scanning sources...
Finished scanning sources
WARNING: [filemgmt 56-2] IPUserFilesDir: Could not find the directory 'C:/Users/SET253-INS1U/Documents/GitHub/ENES247/lab1-mux/lab1_2_mux2-1-tristate/lab1_2_mux2-1-tristate.ip_user_files', nor could it be found using path 'C:/Users/FoersterGame/Documents/GitHub/ENES247/lab1-mux/lab1_2_mux2-1-tristate/lab1_2_mux2-1-tristate.ip_user_files'.
INFO: [IP_Flow 19-234] Refreshing IP repositories
INFO: [IP_Flow 19-1704] No user IP repositories specified
INFO: [IP_Flow 19-2313] Loaded Vivado IP repository 'C:/Xilinx/Vivado/2018.3/data/ip'.
open_project: Time (s): cpu = 00:00:13 ; elapsed = 00:00:07 . Memory (MB): peak = 729.145 ; gain = 140.094
update_compile_order -fileset sources_1
exit
INFO: [Common 17-206] Exiting Vivado at Fri Feb  1 13:48:18 2019...
